2026-03-14 09:01:34,125 - INFO - 
============================================================
2026-03-14 09:01:34,126 - INFO - JLMORISON.XIOTZ.COM LOGIN AUTOMATION
2026-03-14 09:01:34,127 - INFO - ============================================================
2026-03-14 09:01:34,127 - INFO - Setting up Chrome browser...
2026-03-14 09:01:34,131 - INFO - Created new profile: E:\Business client project\jlmorison_profile
2026-03-14 09:01:38,976 - ERROR - Browser setup failed: Message: session not created: This version of ChromeDriver only supports Chrome version 142
Current browser version is 145.0.7632.160 with binary path C:\Program Files\Google\Chrome\Application\chrome.exe
Stacktrace:
Symbols not available. Dumping unresolved backtrace:
	0x7ff73d30a235
	0x7ff73d062650
	0x7ff73cdf16dd
	0x7ff73ce379ca
	0x7ff73ce3679c
	0x7ff73ce30e83
	0x7ff73ce2bc03
	0x7ff73ce80bc2
	0x7ff73ce80400
	0x7ff73ce3b0ed
	0x7ff73ce3bf63
	0x7ff73d335d60
	0x7ff73d32fe8a
	0x7ff73d351005
	0x7ff73d07d73e
	0x7ff73d084e3f
	0x7ff73d06b7e4
	0x7ff73d06b99f
	0x7ff73d051908
	0x7ffd7ff2e8d7
	0x7ffd8100c53c

2026-03-14 09:01:39,113 - ERROR - Fatal error in main: Message: session not created: This version of ChromeDriver only supports Chrome version 142
Current browser version is 145.0.7632.160 with binary path C:\Program Files\Google\Chrome\Application\chrome.exe
Stacktrace:
Symbols not available. Dumping unresolved backtrace:
	0x7ff73d30a235
	0x7ff73d062650
	0x7ff73cdf16dd
	0x7ff73ce379ca
	0x7ff73ce3679c
	0x7ff73ce30e83
	0x7ff73ce2bc03
	0x7ff73ce80bc2
	0x7ff73ce80400
	0x7ff73ce3b0ed
	0x7ff73ce3bf63
	0x7ff73d335d60
	0x7ff73d32fe8a
	0x7ff73d351005
	0x7ff73d07d73e
	0x7ff73d084e3f
	0x7ff73d06b7e4
	0x7ff73d06b99f
	0x7ff73d051908
	0x7ffd7ff2e8d7
	0x7ffd8100c53c

2026-03-14 09:07:40,880 - INFO - 
============================================================
2026-03-14 09:07:40,880 - INFO - JLMORISON.XIOTZ.COM LOGIN AUTOMATION
2026-03-14 09:07:40,881 - INFO - ============================================================
2026-03-14 09:07:40,881 - INFO - Setting up Chrome browser...
2026-03-14 09:07:40,881 - INFO - Using existing profile: E:\Business client project\jlmorison_profile
2026-03-14 09:07:45,158 - ERROR - Browser setup failed: Message: session not created: This version of ChromeDriver only supports Chrome version 146
Current browser version is 145.0.7632.160 with binary path C:\Program Files\Google\Chrome\Application\chrome.exe
Stacktrace:
	chromedriver!GetHandleVerifier [0x7ff74d4c10a5+14cc5]
	chromedriver!GetHandleVerifier [0x7ff74d4c1110+14d30]
	chromedriver!(No symbol) [0x7ff74d22db6d]
	chromedriver!(No symbol) [0x7ff74d27608d]
	chromedriver!(No symbol) [0x7ff74d274de5]
	chromedriver!(No symbol) [0x7ff74d26f321]
	chromedriver!(No symbol) [0x7ff74d269c29]
	chromedriver!(No symbol) [0x7ff74d2be021]
	chromedriver!(No symbol) [0x7ff74d2bd886]
	chromedriver!(No symbol) [0x7ff74d2796e8]
	chromedriver!(No symbol) [0x7ff74d27a5d3]
	chromedriver!GetHandleVerifier [0x7ff74d7c5ddd+3199fd]
	chromedriver!GetHandleVerifier [0x7ff74d7c04bd+3140dd]
	chromedriver!GetHandleVerifier [0x7ff74d7e29ba+3365da]
	chromedriver!GetHandleVerifier [0x7ff74d4dca45+30665]
	chromedriver!GetHandleVerifier [0x7ff74d4e5b9c+397bc]
	chromedriver!GetHandleVerifier [0x7ff74d4ca4c4+1e0e4]
	chromedriver!GetHandleVerifier [0x7ff74d4ca676+1e296]
	chromedriver!GetHandleVerifier [0x7ff74d4aef87+2ba7]
	KERNEL32!BaseThreadInitThunk [0x7ffd7ff2e8d7+17]
	ntdll!RtlUserThreadStart [0x7ffd8100c53c+2c]

2026-03-14 09:07:45,160 - ERROR - Fatal error in main: Message: session not created: This version of ChromeDriver only supports Chrome version 146
Current browser version is 145.0.7632.160 with binary path C:\Program Files\Google\Chrome\Application\chrome.exe
Stacktrace:
	chromedriver!GetHandleVerifier [0x7ff74d4c10a5+14cc5]
	chromedriver!GetHandleVerifier [0x7ff74d4c1110+14d30]
	chromedriver!(No symbol) [0x7ff74d22db6d]
	chromedriver!(No symbol) [0x7ff74d27608d]
	chromedriver!(No symbol) [0x7ff74d274de5]
	chromedriver!(No symbol) [0x7ff74d26f321]
	chromedriver!(No symbol) [0x7ff74d269c29]
	chromedriver!(No symbol) [0x7ff74d2be021]
	chromedriver!(No symbol) [0x7ff74d2bd886]
	chromedriver!(No symbol) [0x7ff74d2796e8]
	chromedriver!(No symbol) [0x7ff74d27a5d3]
	chromedriver!GetHandleVerifier [0x7ff74d7c5ddd+3199fd]
	chromedriver!GetHandleVerifier [0x7ff74d7c04bd+3140dd]
	chromedriver!GetHandleVerifier [0x7ff74d7e29ba+3365da]
	chromedriver!GetHandleVerifier [0x7ff74d4dca45+30665]
	chromedriver!GetHandleVerifier [0x7ff74d4e5b9c+397bc]
	chromedriver!GetHandleVerifier [0x7ff74d4ca4c4+1e0e4]
	chromedriver!GetHandleVerifier [0x7ff74d4ca676+1e296]
	chromedriver!GetHandleVerifier [0x7ff74d4aef87+2ba7]
	KERNEL32!BaseThreadInitThunk [0x7ffd7ff2e8d7+17]
	ntdll!RtlUserThreadStart [0x7ffd8100c53c+2c]

2026-03-14 09:09:13,160 - INFO - 
============================================================
2026-03-14 09:09:13,160 - INFO - JLMORISON.XIOTZ.COM LOGIN AUTOMATION
2026-03-14 09:09:13,161 - INFO - ============================================================
2026-03-14 09:09:13,161 - INFO - Setting up Chrome browser...
2026-03-14 09:09:13,161 - INFO - Using existing profile: E:\Business client project\jlmorison_profile
2026-03-14 09:09:13,162 - INFO - ====== WebDriver manager ======
2026-03-14 09:09:14,533 - INFO - Get LATEST chromedriver version for google-chrome
2026-03-14 09:09:14,611 - INFO - Get LATEST chromedriver version for google-chrome
2026-03-14 09:09:14,657 - INFO - There is no [win64] chromedriver "145.0.7632.117" for browser google-chrome "145.0.7632" in cache
2026-03-14 09:09:14,657 - INFO - Get LATEST chromedriver version for google-chrome
2026-03-14 09:09:14,851 - INFO - WebDriver version 145.0.7632.117 selected
2026-03-14 09:09:14,858 - INFO - Modern chrome version https://storage.googleapis.com/chrome-for-testing-public/145.0.7632.117/win32/chromedriver-win32.zip
2026-03-14 09:09:14,859 - INFO - About to download new driver from https://storage.googleapis.com/chrome-for-testing-public/145.0.7632.117/win32/chromedriver-win32.zip
2026-03-14 09:09:14,909 - INFO - Driver downloading response is 200
2026-03-14 09:09:18,757 - INFO - Get LATEST chromedriver version for google-chrome
2026-03-14 09:09:18,917 - INFO - Driver has been saved in cache [C:\Users\gopal\.wdm\drivers\chromedriver\win64\145.0.7632.117]
2026-03-14 09:09:18,931 - ERROR - Browser setup failed: [WinError 193] %1 is not a valid Win32 application
2026-03-14 09:09:18,932 - ERROR - Fatal error: [WinError 193] %1 is not a valid Win32 application
2026-03-14 09:10:26,106 - INFO - 
============================================================
2026-03-14 09:10:26,107 - INFO - JLMORISON.XIOTZ.COM LOGIN AUTOMATION
2026-03-14 09:10:26,107 - INFO - ============================================================
2026-03-14 09:10:26,107 - INFO - Setting up Chrome browser...
2026-03-14 09:10:26,107 - INFO - Using existing profile: E:\Business client project\jlmorison_profile
2026-03-14 09:10:26,107 - INFO - Downloading 64-bit ChromeDriver...
2026-03-14 09:10:26,108 - ERROR - Browser setup failed: ChromeDriverManager.__init__() got an unexpected keyword argument 'version'
2026-03-14 09:10:26,108 - INFO - Trying fallback method...
2026-03-14 09:10:26,108 - INFO - ====== WebDriver manager ======
2026-03-14 09:10:27,412 - INFO - Get LATEST chromedriver version for google-chrome
2026-03-14 09:10:27,894 - INFO - Get LATEST chromedriver version for google-chrome
2026-03-14 09:10:28,342 - INFO - Driver [C:\Users\gopal\.wdm\drivers\chromedriver\win64\145.0.7632.117\chromedriver-win32/THIRD_PARTY_NOTICES.chromedriver] found in cache
2026-03-14 09:10:28,343 - ERROR - Fallback also failed: [WinError 193] %1 is not a valid Win32 application
2026-03-14 09:10:28,343 - WARNING - Automatic setup failed, trying manual...
2026-03-14 09:10:28,343 - INFO - Attempting manual driver setup...
2026-03-14 09:10:32,305 - ERROR - Manual setup failed: Message: session not created: This version of ChromeDriver only supports Chrome version 146
Current browser version is 145.0.7632.160 with binary path C:\Program Files\Google\Chrome\Application\chrome.exe
Stacktrace:
	chromedriver!GetHandleVerifier [0x7ff608f010a5+14cc5]
	chromedriver!GetHandleVerifier [0x7ff608f01110+14d30]
	chromedriver!(No symbol) [0x7ff608c6db6d]
	chromedriver!(No symbol) [0x7ff608cb608d]
	chromedriver!(No symbol) [0x7ff608cb4de5]
	chromedriver!(No symbol) [0x7ff608caf321]
	chromedriver!(No symbol) [0x7ff608ca9c29]
	chromedriver!(No symbol) [0x7ff608cfe021]
	chromedriver!(No symbol) [0x7ff608cfd886]
	chromedriver!(No symbol) [0x7ff608cb96e8]
	chromedriver!(No symbol) [0x7ff608cba5d3]
	chromedriver!GetHandleVerifier [0x7ff609205ddd+3199fd]
	chromedriver!GetHandleVerifier [0x7ff6092004bd+3140dd]
	chromedriver!GetHandleVerifier [0x7ff6092229ba+3365da]
	chromedriver!GetHandleVerifier [0x7ff608f1ca45+30665]
	chromedriver!GetHandleVerifier [0x7ff608f25b9c+397bc]
	chromedriver!GetHandleVerifier [0x7ff608f0a4c4+1e0e4]
	chromedriver!GetHandleVerifier [0x7ff608f0a676+1e296]
	chromedriver!GetHandleVerifier [0x7ff608eeef87+2ba7]
	KERNEL32!BaseThreadInitThunk [0x7ffd7ff2e8d7+17]
	ntdll!RtlUserThreadStart [0x7ffd8100c53c+2c]

2026-03-14 09:10:36,368 - ERROR - Could not setup browser. Please check ChromeDriver installation.
2026-03-14 09:12:13,212 - INFO - 
============================================================
2026-03-14 09:12:13,212 - INFO - JLMORISON.XIOTZ.COM LOGIN AUTOMATION
2026-03-14 09:12:13,213 - INFO - ============================================================
2026-03-14 09:12:13,213 - INFO - Setting up Chrome browser...
2026-03-14 09:12:13,213 - INFO - Using existing profile: E:\Business client project\jlmorison_profile
2026-03-14 09:12:13,213 - INFO - Downloading 64-bit ChromeDriver...
2026-03-14 09:12:13,213 - ERROR - Browser setup failed: ChromeDriverManager.__init__() got an unexpected keyword argument 'version'
2026-03-14 09:12:13,213 - INFO - Trying fallback method...
2026-03-14 09:12:13,214 - INFO - ====== WebDriver manager ======
2026-03-14 09:12:14,423 - INFO - Get LATEST chromedriver version for google-chrome
2026-03-14 09:12:14,568 - INFO - Get LATEST chromedriver version for google-chrome
2026-03-14 09:12:15,069 - INFO - Driver [C:\Users\gopal\.wdm\drivers\chromedriver\win64\145.0.7632.117\chromedriver-win32/THIRD_PARTY_NOTICES.chromedriver] found in cache
2026-03-14 09:12:15,071 - ERROR - Fallback also failed: [WinError 193] %1 is not a valid Win32 application
2026-03-14 09:12:15,071 - WARNING - Automatic setup failed, trying manual...
2026-03-14 09:12:15,071 - INFO - Attempting manual driver setup...
2026-03-14 09:12:16,452 - INFO - Manual driver setup successful!
2026-03-14 09:12:16,453 - INFO - ==================================================
2026-03-14 09:12:16,453 - INFO - Starting login process...
2026-03-14 09:12:16,453 - INFO - ==================================================
2026-03-14 09:12:16,453 - INFO - Opening login page: https://jlmorison.xiotz.com/app/login
2026-03-14 09:12:24,839 - INFO - Screenshot saved: before_login.png
2026-03-14 09:12:24,839 - INFO - Looking for username field...
2026-03-14 09:12:25,067 - INFO - Looking for password field...
2026-03-14 09:12:25,319 - INFO - Looking for login button...
2026-03-14 09:12:31,529 - INFO - Current URL: https://jlmorison.xiotz.com/app/dashboards#/view/SOC?_g=h@94e3f88&_a=h@0137f33
2026-03-14 09:12:31,616 - INFO - 
==================================================
2026-03-14 09:12:31,616 - INFO - Browser will remain open.
2026-03-14 09:12:31,616 - INFO - Press Ctrl+C to close.
2026-03-14 09:12:31,617 - INFO - ==================================================
2026-03-14 09:12:41,618 - INFO - Session active...
2026-03-14 09:12:51,619 - INFO - Session active...
2026-03-14 09:13:01,619 - INFO - Session active...
2026-03-14 09:13:11,620 - INFO - Session active...
2026-03-14 09:13:21,620 - INFO - Session active...
2026-03-14 09:13:31,621 - INFO - Session active...
2026-03-14 09:13:41,622 - INFO - Session active...
2026-03-14 09:13:51,623 - INFO - Session active...
2026-03-14 09:14:01,624 - INFO - Session active...
2026-03-14 09:14:11,625 - INFO - Session active...
2026-03-14 09:14:21,626 - INFO - Session active...
2026-03-14 09:14:31,627 - INFO - Session active...
2026-03-14 09:14:41,627 - INFO - Session active...
2026-03-14 09:14:51,628 - INFO - Session active...
2026-03-14 09:15:01,628 - INFO - Session active...
2026-03-14 09:15:11,629 - INFO - Session active...
2026-03-14 09:15:21,630 - INFO - Session active...
2026-03-14 09:15:31,631 - INFO - Session active...
2026-03-14 09:15:41,632 - INFO - Session active...
2026-03-14 09:15:51,633 - INFO - Session active...
2026-03-14 09:16:01,634 - INFO - Session active...
2026-03-14 09:16:11,635 - INFO - Session active...
2026-03-14 09:16:21,636 - INFO - Session active...
2026-03-14 09:16:31,637 - INFO - Session active...
2026-03-14 09:16:41,637 - INFO - Session active...
2026-03-14 09:16:51,638 - INFO - Session active...
2026-03-14 09:17:01,639 - INFO - Session active...
2026-03-14 09:17:11,658 - INFO - Session active...
2026-03-14 09:17:21,691 - INFO - Session active...
2026-03-14 09:17:31,692 - INFO - Session active...
2026-03-14 09:17:41,693 - INFO - Session active...
2026-03-14 09:17:51,694 - INFO - Session active...
2026-03-14 09:18:01,694 - INFO - Session active...
2026-03-14 09:18:11,695 - INFO - Session active...
2026-03-14 09:18:21,697 - INFO - Session active...
2026-03-14 09:18:31,698 - INFO - Session active...
2026-03-14 09:18:41,698 - INFO - Session active...
2026-03-14 09:18:51,699 - INFO - Session active...
2026-03-14 09:19:01,700 - INFO - Session active...
2026-03-14 09:19:11,700 - INFO - Session active...
2026-03-14 09:19:21,701 - INFO - Session active...
2026-03-14 09:19:31,701 - INFO - Session active...
2026-03-14 09:19:41,702 - INFO - Session active...
2026-03-14 09:19:51,703 - INFO - Session active...
2026-03-14 09:20:01,706 - INFO - Session active...
2026-03-14 09:20:11,715 - INFO - Session active...
2026-03-14 09:20:21,715 - INFO - Session active...
2026-03-14 09:22:21,055 - INFO - 
============================================================
2026-03-14 09:22:21,055 - INFO - JLMORISON.XIOTZ.COM LOGIN AUTOMATION
2026-03-14 09:22:21,055 - INFO - ============================================================
2026-03-14 09:22:21,055 - INFO - Setting up Chrome browser...
2026-03-14 09:22:21,055 - INFO - Using existing profile: E:\Business client project\jlmorison_profile
2026-03-14 09:22:21,055 - INFO - Downloading 64-bit ChromeDriver...
2026-03-14 09:22:21,056 - ERROR - Browser setup failed: ChromeDriverManager.__init__() got an unexpected keyword argument 'version'
2026-03-14 09:22:21,056 - INFO - Trying fallback method...
2026-03-14 09:22:21,056 - INFO - ====== WebDriver manager ======
2026-03-14 09:22:22,045 - INFO - Get LATEST chromedriver version for google-chrome
2026-03-14 09:22:22,134 - INFO - Get LATEST chromedriver version for google-chrome
2026-03-14 09:22:22,202 - INFO - Driver [C:\Users\gopal\.wdm\drivers\chromedriver\win64\145.0.7632.117\chromedriver-win32/THIRD_PARTY_NOTICES.chromedriver] found in cache
2026-03-14 09:22:22,203 - ERROR - Fallback also failed: [WinError 193] %1 is not a valid Win32 application
2026-03-14 09:22:22,203 - WARNING - Automatic setup failed, trying manual...
2026-03-14 09:22:22,203 - INFO - Attempting manual driver setup...
2026-03-14 09:22:23,896 - INFO - Manual driver setup successful!
2026-03-14 09:22:23,897 - INFO - ==================================================
2026-03-14 09:22:23,897 - INFO - Starting login process...
2026-03-14 09:22:23,897 - INFO - ==================================================
2026-03-14 09:22:23,897 - INFO - Opening login page: https://jlmorison.xiotz.com/app/login
2026-03-14 09:22:27,593 - INFO - Screenshot saved: before_login.png
2026-03-14 09:22:27,594 - INFO - Looking for username field...
2026-03-14 09:22:27,763 - INFO - Looking for password field...
2026-03-14 09:22:28,002 - INFO - Looking for login button...
2026-03-14 09:22:34,120 - INFO - Current URL: https://jlmorison.xiotz.com/app/dashboards#/view/SOC?_g=h@94e3f88&_a=h@0137f33
2026-03-14 09:22:34,205 - INFO - 
==================================================
2026-03-14 09:22:34,205 - INFO - Browser will remain open.
2026-03-14 09:22:34,205 - INFO - Press Ctrl+C to close.
2026-03-14 09:22:34,205 - INFO - ==================================================
2026-03-14 09:22:44,207 - INFO - Session active...
2026-03-14 09:22:54,208 - INFO - Session active...
2026-03-14 09:23:04,208 - INFO - Session active...
2026-03-14 09:23:14,209 - INFO - Session active...
2026-03-14 09:23:24,210 - INFO - Session active...
2026-03-14 09:23:34,210 - INFO - Session active...
2026-03-14 09:23:44,211 - INFO - Session active...
2026-03-14 09:23:54,212 - INFO - Session active...
2026-03-14 09:24:04,213 - INFO - Session active...
2026-03-14 09:24:14,213 - INFO - Session active...
2026-03-14 09:24:24,214 - INFO - Session active...
2026-03-14 09:24:34,214 - INFO - Session active...
2026-03-14 09:24:44,215 - INFO - Session active...
2026-03-14 09:24:54,216 - INFO - Session active...
2026-03-14 09:25:04,217 - INFO - Session active...
2026-03-14 09:25:14,218 - INFO - Session active...
2026-03-14 09:25:24,219 - INFO - Session active...
2026-03-14 09:25:34,220 - INFO - Session active...
2026-03-14 09:25:41,086 - INFO - 
User interrupted. Closing browser...
2026-03-14 09:25:41,089 - WARNING - Retrying (Retry(total=2, connect=None, read=None, redirect=None, status=None)) after connection broken by 'ConnectionResetError(10054, 'An existing connection was forcibly closed by the remote host', None, 10054, None)': /session/5ff92872b57934e7e97ff5870d5d534b
2026-03-14 09:29:01,436 - INFO - 
============================================================
2026-03-14 09:29:01,437 - INFO - JLMORISON.XIOTZ.COM AUTOMATION
2026-03-14 09:29:01,437 - INFO - ============================================================
2026-03-14 09:29:01,437 - INFO - Setting up Chrome browser...
2026-03-14 09:29:01,437 - INFO - Using existing profile: E:\Business client project\jlmorison_profile
2026-03-14 09:29:01,437 - INFO - Downloading 64-bit ChromeDriver...
2026-03-14 09:29:01,437 - ERROR - Browser setup failed: ChromeDriverManager.__init__() got an unexpected keyword argument 'version'
2026-03-14 09:29:01,438 - INFO - Trying fallback method...
2026-03-14 09:29:01,438 - INFO - ====== WebDriver manager ======
2026-03-14 09:29:03,166 - INFO - Get LATEST chromedriver version for google-chrome
2026-03-14 09:29:03,262 - INFO - Get LATEST chromedriver version for google-chrome
2026-03-14 09:29:03,385 - INFO - Driver [C:\Users\gopal\.wdm\drivers\chromedriver\win64\145.0.7632.117\chromedriver-win32/THIRD_PARTY_NOTICES.chromedriver] found in cache
2026-03-14 09:29:03,393 - ERROR - Fallback also failed: [WinError 193] %1 is not a valid Win32 application
2026-03-14 09:29:03,393 - WARNING - Automatic setup failed, trying manual...
2026-03-14 09:29:03,393 - INFO - Attempting manual driver setup...
2026-03-14 09:29:05,112 - INFO - Manual driver setup successful!
2026-03-14 09:29:05,113 - INFO - ==================================================
2026-03-14 09:29:05,113 - INFO - Starting login process...
2026-03-14 09:29:05,113 - INFO - ==================================================
2026-03-14 09:29:05,113 - INFO - Opening login page: https://jlmorison.xiotz.com/app/login
2026-03-14 09:29:10,789 - INFO - Screenshot saved: before_login.png
2026-03-14 09:29:10,790 - INFO - Looking for username field...
2026-03-14 09:29:11,078 - INFO - Looking for password field...
2026-03-14 09:29:11,406 - INFO - Looking for login button...
2026-03-14 09:29:17,553 - INFO - Current URL: https://jlmorison.xiotz.com/app/dashboards#/view/SOC?_g=h@94e3f88&_a=h@0137f33
2026-03-14 09:29:17,636 - INFO - Waiting for dashboard to load...
2026-03-14 09:29:20,647 - INFO - ==================================================
2026-03-14 09:29:20,647 - INFO - Clicking Date Picker Button...
2026-03-14 09:29:20,647 - INFO - ==================================================
2026-03-14 09:29:20,647 - INFO - Waiting for date picker button...
2026-03-14 09:29:21,464 - INFO - Date picker button text: Last 60 minutes
2026-03-14 09:29:25,753 - INFO - Screenshot saved: after_date_picker_click.png
2026-03-14 09:29:25,754 - INFO - 
==================================================
2026-03-14 09:29:25,754 - INFO - Browser will remain open.
2026-03-14 09:29:25,754 - INFO - Press Ctrl+C to close.
2026-03-14 09:29:25,754 - INFO - ==================================================
2026-03-14 09:29:35,755 - INFO - Session active...
2026-03-14 09:29:45,756 - INFO - Session active...
2026-03-14 09:29:55,757 - INFO - Session active...
2026-03-14 09:30:05,758 - INFO - Session active...
2026-03-14 09:30:15,758 - INFO - Session active...
2026-03-14 09:30:25,760 - INFO - Session active...
2026-03-14 09:30:34,452 - INFO - 
User interrupted. Closing browser...
2026-03-14 09:30:34,455 - WARNING - Retrying (Retry(total=2, connect=None, read=None, redirect=None, status=None)) after connection broken by 'ConnectionResetError(10054, 'An existing connection was forcibly closed by the remote host', None, 10054, None)': /session/3d9ee4c7959dfb5083d05cecdbf89b72
2026-03-14 09:30:38,080 - INFO - 
============================================================
2026-03-14 09:30:38,080 - INFO - JLMORISON.XIOTZ.COM AUTOMATION
2026-03-14 09:30:38,080 - INFO - ============================================================
2026-03-14 09:30:38,081 - INFO - Setting up Chrome browser...
2026-03-14 09:30:38,081 - INFO - Using existing profile: E:\Business client project\jlmorison_profile
2026-03-14 09:30:38,081 - INFO - Downloading 64-bit ChromeDriver...
2026-03-14 09:30:38,081 - ERROR - Browser setup failed: ChromeDriverManager.__init__() got an unexpected keyword argument 'version'
2026-03-14 09:30:38,082 - INFO - Trying fallback method...
2026-03-14 09:30:38,082 - INFO - ====== WebDriver manager ======
2026-03-14 09:30:39,372 - INFO - Get LATEST chromedriver version for google-chrome
2026-03-14 09:30:39,456 - INFO - Get LATEST chromedriver version for google-chrome
2026-03-14 09:30:39,532 - INFO - Driver [C:\Users\gopal\.wdm\drivers\chromedriver\win64\145.0.7632.117\chromedriver-win32/THIRD_PARTY_NOTICES.chromedriver] found in cache
2026-03-14 09:30:39,539 - ERROR - Fallback also failed: [WinError 193] %1 is not a valid Win32 application
2026-03-14 09:30:39,540 - WARNING - Automatic setup failed, trying manual...
2026-03-14 09:30:39,540 - INFO - Attempting manual driver setup...
2026-03-14 09:30:41,423 - INFO - Manual driver setup successful!
2026-03-14 09:30:41,424 - INFO - ==================================================
2026-03-14 09:30:41,425 - INFO - Starting login process...
2026-03-14 09:30:41,425 - INFO - ==================================================
2026-03-14 09:30:41,425 - INFO - Opening login page: https://jlmorison.xiotz.com/app/login
2026-03-14 09:30:44,919 - INFO - Screenshot saved: before_login.png
2026-03-14 09:30:44,921 - INFO - Looking for username field...
2026-03-14 09:30:45,038 - INFO - Looking for password field...
2026-03-14 09:30:45,326 - INFO - Looking for login button...
2026-03-14 09:30:51,533 - INFO - Current URL: https://jlmorison.xiotz.com/app/dashboards#/view/SOC?_g=h@94e3f88&_a=h@0137f33
2026-03-14 09:30:51,618 - INFO - Waiting for dashboard to load...
2026-03-14 09:30:54,629 - INFO - ==================================================
2026-03-14 09:30:54,629 - INFO - Clicking Date Picker Button...
2026-03-14 09:30:54,629 - INFO - ==================================================
2026-03-14 09:30:54,629 - INFO - Waiting for date picker button...
2026-03-14 09:30:54,827 - INFO - Date picker button text: Last 60 minutes
2026-03-14 09:30:59,101 - INFO - Screenshot saved: after_date_picker_click.png
2026-03-14 09:30:59,101 - INFO - 
==================================================
2026-03-14 09:30:59,102 - INFO - Browser will remain open.
2026-03-14 09:30:59,102 - INFO - Press Ctrl+C to close.
2026-03-14 09:30:59,102 - INFO - ==================================================
2026-03-14 09:31:09,103 - INFO - Session active...
2026-03-14 09:31:19,104 - INFO - Session active...
2026-03-14 09:31:29,105 - INFO - Session active...
2026-03-14 09:31:39,105 - INFO - Session active...
2026-03-14 09:31:49,106 - INFO - Session active...
2026-03-14 09:31:59,106 - INFO - Session active...
2026-03-14 09:32:09,107 - INFO - Session active...
2026-03-14 09:32:19,109 - INFO - Session active...
2026-03-14 09:32:29,110 - INFO - Session active...
2026-03-14 09:32:39,110 - INFO - Session active...
2026-03-14 09:32:49,111 - INFO - Session active...
2026-03-14 09:32:59,112 - INFO - Session active...
2026-03-14 09:33:09,113 - INFO - Session active...
2026-03-14 09:33:19,114 - INFO - Session active...
2026-03-14 09:33:26,317 - INFO - 
User interrupted. Closing browser...
2026-03-14 09:33:26,320 - WARNING - Retrying (Retry(total=2, connect=None, read=None, redirect=None, status=None)) after connection broken by 'ConnectionResetError(10054, 'An existing connection was forcibly closed by the remote host', None, 10054, None)': /session/53a6c40ea385fc3ea0b698ca669200d2
